[11:04:42] [ServerMain/INFO]: [bootstrap] Running Java 25 (OpenJDK 64-Bit Server VM 25.0.1+8-LTS; Microsoft Microsoft-12574222) on Linux 6.8.0-1030-azure (amd64)
[11:04:42] [ServerMain/INFO]: [bootstrap] Loading Paper 1.21.11-39-main@e5e2c50 (2025-12-12T22:00:30Z) for Minecraft 1.21.11
[11:04:42] [ServerMain/INFO]: [PluginInitializerManager] Initializing plugins...
[11:04:42] [ServerMain/INFO]: [PluginInitializerManager] Initialized 0 plugins
[11:04:46] [ServerMain/INFO]: Environment: Environment[sessionHost=https://sessionserver.mojang.com, servicesHost=https://api.minecraftservices.com, profilesHost=https://api.mojang.com, name=PROD]
[11:04:47] [ServerMain/INFO]: Found new data pack file/bukkit, loading it automatically
[11:04:47] [ServerMain/INFO]: Found new data pack paper, loading it automatically
[11:04:48] [ServerMain/INFO]: No existing world data, creating new world
[11:04:49] [ServerMain/INFO]: Loaded 1470 recipes
[11:04:49] [ServerMain/INFO]: Loaded 1584 advancements
[11:04:49] [ServerMain/INFO]: [ca.spottedleaf.dataconverter.minecraft.datatypes.MCTypeRegistry] Initialising converters for DataConverter...
[11:04:49] [ServerMain/INFO]: [ca.spottedleaf.dataconverter.minecraft.datatypes.MCTypeRegistry] Finished initialising converters for DataConverter in 398.2ms
[11:04:49] [Server thread/INFO]: Starting minecraft server version 1.21.11
[11:04:49] [Server thread/INFO]: Loading properties
[11:04:49] [Server thread/INFO]: This server is running Paper version 1.21.11-39-main@e5e2c50 (2025-12-12T22:00:30Z) (Implementing API version 1.21.11-R0.1-SNAPSHOT)
[11:04:49] [Server thread/INFO]: [spark] This server bundles the spark profiler. For more information please visit https://docs.papermc.io/paper/profiling
[11:04:49] [Server thread/INFO]: Server Ping Player Sample Count: 12
[11:04:49] [Server thread/INFO]: Using 4 threads for Netty based IO
[11:04:50] [Server thread/INFO]: [MoonriseCommon] Paper is using 1 worker threads, 1 I/O threads
[11:04:50] [Server thread/INFO]: Default game type: SURVIVAL
[11:04:50] [Server thread/INFO]: Generating keypair
[11:04:50] [Server thread/INFO]: Starting Minecraft server on *:25565
[11:04:50] [Server thread/INFO]: Paper: Using libdeflate (Linux x86_64) compression from Velocity.
[11:04:50] [Server thread/INFO]: Paper: Using OpenSSL 3.x.x (Linux x86_64) cipher from Velocity.
[11:04:50] [Server thread/INFO]: Preparing level "world"
[11:04:50] [Server thread/INFO]: Selecting spawn point for world 'minecraft:overworld'...
[11:04:59] [Server thread/INFO]: Selecting spawn point for world 'minecraft:the_nether'...
[11:05:00] [Server thread/INFO]: Selecting spawn point for world 'minecraft:the_end'...
[11:05:00] [Server thread/INFO]: Loading 0 persistent chunks for world 'minecraft:overworld'...
[11:05:00] [Server thread/INFO]: Preparing spawn area: 100%
[11:05:00] [Server thread/INFO]: Prepared spawn area in 9389 ms
[11:05:00] [Server thread/INFO]: Loading 0 persistent chunks for world 'minecraft:the_nether'...
[11:05:00] [Server thread/INFO]: Preparing spawn area: 100%
[11:05:00] [Server thread/INFO]: Prepared spawn area in 1119 ms
[11:05:00] [Server thread/INFO]: Loading 0 persistent chunks for world 'minecraft:the_end'...
[11:05:00] [Server thread/INFO]: Preparing spawn area: 100%
[11:05:00] [Server thread/INFO]: Prepared spawn area in 269 ms
[11:05:00] [Server thread/INFO]: Done preparing level "world" (9.770s)
[11:05:00] [Server thread/INFO]: [spark] Starting background profiler...
[11:05:01] [Server thread/INFO]: Running delayed init tasks
[11:05:01] [Server thread/INFO]: Done (20.001s)! For help, type "help"
[11:05:01] [Server thread/INFO]: *************************************************************************************
[11:05:01] [Server thread/INFO]: This is the first time you're starting this server.
[11:05:01] [Server thread/INFO]: It's recommended you read our 'Getting Started' documentation for guidance.
[11:05:01] [Server thread/INFO]: View this and more helpful information here: https://docs.papermc.io/paper/next-steps
[11:05:01] [Server thread/INFO]: *************************************************************************************
[11:10:39] [User Authenticator #0/INFO]: UUID of player prasetyo is 8cb770c8-19ce-487a-b9dc-1cfafdbe6fdb
[11:10:46] [Server thread/INFO]: prasetyo joined the game
[11:10:46] [Server thread/INFO]: prasetyo[/127.25.241.131:37057] logged in with entity id 35 at ([world]0.5, 70.0, -2.5)
[11:12:23] [Server thread/INFO]: Made prasetyo a server operator
[11:12:32] [Server thread/INFO]: prasetyo issued server command: /gamemode creative
[11:12:32] [Server thread/INFO]: [prasetyo: Set own game mode to Creative Mode]
[11:13:32] [Server thread/INFO]: prasetyo was kicked due to keepalive timeout!
[11:13:32] [Server thread/INFO]: prasetyo lost connection: Timed out
[11:13:32] [Server thread/INFO]: prasetyo left the game
